Unity Player [version: Unity 4.5.3f3_fca41a4fabea]

dxgi.dll caused an Access Violation (0xc0000005)
  in module dxgi.dll at 0033:622d40fc.

Error occurred at 2014-09-19_110942.
C:\Users\rbala1\Documents\Sparse Volumetric Particle System\RaveUnity.exe, run by rbala1.
84% memory in use.
3976 MB physical memory [612 MB free].
8328 MB paging file [3193 MB free].
8388608 MB user address space [8387873 MB free].
Write to location c7fa0000 caused an access violation.

Context:
RDI:    0x33efc050  RSI: 0x33efc050  RAX:   0x622e9040
RBX:    0x622e9460  RCX: 0x0132de50  RDX:   0x622e9460
RIP:    0x622d40fc  RBP: 0x0110f0b0  SegCs: 0x00000033
EFlags: 0x00010206  RSP: 0x0110eec0  SegSs: 0x0000002b
R8:    0x33efc050  R9: 0xc7fa0000  R10:   0x33efc050
R11:    0x02e82dc8  R12: 0x00000008  R13:   0x02e0f6c0
R14:    0xc7fa0000  R15: 0x0132de50

Bytes at CS:EIP:
49 c7 01 00 00 00 00 41 83 38 00 0f 84 98 7a 03 Module 1
C:\windows\SYSTEM32\d3dx9_31.dll
Image Base: 0x00400000  Image Size: 0x003e7000
File Size:  3977496     File Time:  2006-09-28_160536
Version:
   Company:    Microsoft Corporation
   Product:    Microsoft® DirectX for Windows®
   FileDesc:   
   FileVer:    9.15.779.0
   ProdVer:    9.15.779.0

Module 2
C:\windows\SYSTEM32\d3dx9_38.dll
Image Base: 0x02ed0000  Image Size: 0x004e2000
File Size:  4991496     File Time:  2008-05-30_141146
Version:
   Company:    Microsoft Corporation
   Product:    Microsoft® DirectX for Windows®
   FileDesc:   
   FileVer:    9.23.949.2378
   ProdVer:    9.23.949.2378

Module 3
C:\windows\SYSTEM32\d3dx9_30.dll
Image Base: 0x00400000  Image Size: 0x003da000
File Size:  3927248     File Time:  2006-03-31_124102
Version:
   Company:    Microsoft Corporation
   Product:    Microsoft® DirectX for Windows®
   FileDesc:   
   FileVer:    9.12.589.0
   ProdVer:    9.12.589.0

Module 4
C:\windows\SYSTEM32\d3dx9_29.dll
Image Base: 0x00400000  Image Size: 0x003c4000
File Size:  3830992     File Time:  2006-02-03_084328
Version:
   Company:    Microsoft Corporation
   Product:    Microsoft® DirectX for Windows®
   FileDesc:   
   FileVer:    9.11.519.0
   ProdVer:    9.11.519.0

Module 5
C:\windows\SYSTEM32\d3dx9_28.dll
Image Base: 0x00400000  Image Size: 0x003bf000
File Size:  3815120     File Time:  2005-12-05_180942
Version:
   Company:    Microsoft Corporation
   Product:    Microsoft® DirectX for Windows®
   FileDesc:   
   FileVer:    9.10.455.0
   ProdVer:    9.10.455.0

Module 6
C:\windows\SYSTEM32\d3dx9_27.dll
Image Base: 0x00400000  Image Size: 0x003bd000
File Size:  3807440     File Time:  2005-07-22_195908
Version:
   Company:    Microsoft Corporation
   Product:    Microsoft® DirectX for Windows®
   FileDesc:   
   FileVer:    9.8.299.0
   ProdVer:    9.8.299.0

Module 7
C:\windows\SYSTEM32\d3dx9_26.dll
Image Base: 0x00400000  Image Size: 0x003b4000
File Size:  3767504     File Time:  2005-05-26_153458
Version:
   Company:    Microsoft Corporation
   Product:    Microsoft® DirectX for Windows®
   FileDesc:   
   FileVer:    9.7.239.0
   ProdVer:    9.7.239.0

Module 8
C:\windows\SYSTEM32\d3dx9_25.dll
Image Base: 0x00400000  Image Size: 0x003c0000
File Size:  3823312     File Time:  2005-03-18_171956
Version:
   Company:    Microsoft Corporation
   Product:    Microsoft® DirectX for Windows®
   FileDesc:   
   FileVer:    9.6.168.0
   ProdVer:    9.6.168.0

Module 9
C:\windows\SYSTEM32\d3dx9_24.dll
Image Base: 0x00400000  Image Size: 0x0037c000
File Size:  3544272     File Time:  2005-02-05_194556
Version:
   Company:    Microsoft Corporation
   Product:    Microsoft® DirectX for Windows®
   FileDesc:   
   FileVer:    9.5.132.0
   ProdVer:    9.5.132.0

Module 10
C:\windows\SYSTEM32\d3dx9_32.dll
Image Base: 0x55800000  Image Size: 0x00452000
File Size:  4398360     File Time:  2006-11-29_130618
Version:
   Company:    Microsoft Corporation
   Product:    Microsoft® DirectX for Windows®
   FileDesc:   
   FileVer:    9.16.843.0
   ProdVer:    9.16.843.0

Module 11
C:\windows\SYSTEM32\d3dx9d_33.dll
Image Base: 0x55c60000  Image Size: 0x004c8000
File Size:  4830552     File Time:  2010-06-02_052308
Version:
   Company:    Microsoft Corporation
   Product:    Microsoft® DirectX for Windows®
   FileDesc:   Debug
   FileVer:    9.18.904.15
   ProdVer:    9.18.904.15

Module 12
C:\windows\SYSTEM32\d3dx9_33.dll
Image Base: 0x56130000  Image Size: 0x00465000
File Size:  4494184     File Time:  2007-03-12_164230
Version:
   Company:    Microsoft Corporation
   Product:    Microsoft® DirectX for Windows®
   FileDesc:   
   FileVer:    9.18.904.15
   ProdVer:    9.18.904.15

Module 13
C:\windows\SYSTEM32\d3dx9_34.dll
Image Base: 0x565a0000  Image Size: 0x00466000
File Size:  4496232     File Time:  2007-05-16_164516
Version:
   Company:    Microsoft Corporation
   Product:    Microsoft® DirectX for Windows®
   FileDesc:   
   FileVer:    9.19.949.46
   ProdVer:    9.19.949.46

Module 14
C:\windows\SYSTEM32\d3dx9_35.dll
Image Base: 0x56a10000  Image Size: 0x004f3000
File Size:  5073256     File Time:  2007-07-19_181442
Version:
   Company:    Microsoft Corporation
   Product:    Microsoft® DirectX for Windows®
   FileDesc:   
   FileVer:    9.19.949.1104
   ProdVer:    9.19.949.1104

Module 15
C:\windows\SYSTEM32\d3dx9_36.dll
Image Base: 0x56f10000  Image Size: 0x004f5000
File Size:  5081608     File Time:  2007-10-12_151400
Version:
   Company:    Microsoft Corporation
   Product:    Microsoft® DirectX for Windows®
   FileDesc:   
   FileVer:    9.19.949.2111
   ProdVer:    9.19.949.2111

Module 16
C:\windows\SYSTEM32\d3dx9_37.dll
Image Base: 0x57410000  Image Size: 0x004cb000
File Size:  4910088     File Time:  2008-03-05_155658
Version:
   Company:    Microsoft Corporation
   Product:    Microsoft® DirectX for Windows®
   FileDesc:   
   FileVer:    9.22.949.2248
   ProdVer:    9.22.949.2248

Module 17
C:\windows\SYSTEM32\d3dx9_39.dll
Image Base: 0x57dd0000  Image Size: 0x004e2000
File Size:  4992520     File Time:  2008-07-10_110050
Version:
   Company:    Microsoft Corporation
   Product:    Microsoft® DirectX for Windows®
   FileDesc:   
   FileVer:    9.24.949.2307
   ProdVer:    9.24.949.2307


== [end of error.log] ==
